\BOOKMARK [1][-]{section*.1}{\376\377\000Q\000u\000e\000s\000t\000i\000o\000n\000\040\0001\000:\000\040\000G\000e\000n\000e\000t\000i\000c\000\040\000a\000l\000g\000o\000r\000i\000t\000h\000m}{}% 1
\BOOKMARK [2][-]{section*.2}{\376\377\000P\000a\000i\000r\000s\000\040\000E\000n\000c\000o\000d\000i\000n\000g}{section*.1}% 2
\BOOKMARK [3][-]{section*.3}{\376\377\0006\000.}{section*.2}% 3
\BOOKMARK [3][-]{section*.4}{\376\377\0007\000.}{section*.2}% 4
\BOOKMARK [2][-]{section*.5}{\376\377\000B\000i\000n\000a\000r\000y\000\040\000E\000n\000c\000o\000d\000i\000n\000g}{section*.1}% 5
\BOOKMARK [3][-]{section*.6}{\376\377\0006\000.}{section*.5}% 6
\BOOKMARK [3][-]{section*.7}{\376\377\0007\000.}{section*.5}% 7
\BOOKMARK [2][-]{section*.8}{\376\377\000S\000i\000n\000g\000l\000e\000s\000\040\000E\000n\000c\000o\000d\000i\000n\000g}{section*.1}% 8
\BOOKMARK [3][-]{section*.9}{\376\377\0006\000.}{section*.8}% 9
\BOOKMARK [3][-]{section*.10}{\376\377\0007\000.}{section*.8}% 10
\BOOKMARK [3][-]{section*.11}{\376\377\0008\000.}{section*.8}% 11
\BOOKMARK [3][-]{section*.12}{\376\377\000T\000e\000s\000t\000i\000n\000g\000\040\000D\000i\000f\000f\000e\000r\000e\000n\000t\000\040\000b\000o\000a\000r\000d\000\040\000s\000i\000z\000e\000s\000\040\000:}{section*.8}% 12
\BOOKMARK [3][-]{section*.13}{\376\377\000T\000e\000s\000t\000i\000n\000g\000\040\000D\000i\000f\000f\000e\000r\000e\000n\000t\000\040\000f\000i\000t\000n\000e\000s\000s\000\040\000f\000u\000n\000c\000t\000i\000o\000n\000s\000\040\000:}{section*.8}% 13
\BOOKMARK [3][-]{section*.14}{\376\377\000T\000e\000s\000t\000i\000n\000g\000\040\000D\000i\000f\000f\000e\000r\000e\000n\000t\000\040\000m\000u\000t\000a\000t\000i\000o\000n\000\040\000p\000r\000o\000b\000a\000b\000i\000l\000i\000t\000i\000e\000s\000\040\000:}{section*.8}% 14
\BOOKMARK [3][-]{section*.15}{\376\377\0009\000.}{section*.8}% 15
\BOOKMARK [1][-]{section*.16}{\376\377\000Q\000u\000e\000s\000t\000i\000o\000n\000\040\0002\000:\000\040\000E\000M\000\040\000a\000l\000g\000o\000r\000i\000t\000h\000m}{}% 16
\BOOKMARK [2][-]{section*.17}{\376\377\0001\000.}{section*.16}% 17
\BOOKMARK [3][-]{section*.18}{\376\377\0002\000.}{section*.17}% 18
\BOOKMARK [3][-]{section*.19}{\376\377\0003\000.}{section*.17}% 19
\BOOKMARK [3][-]{section*.20}{\376\377\0004\000.}{section*.17}% 20
\BOOKMARK [3][-]{section*.21}{\376\377\0005\000.}{section*.17}% 21
\BOOKMARK [3][-]{section*.22}{\376\377\0006\000.}{section*.17}% 22
\BOOKMARK [1][-]{section*.23}{\376\377\000S\000o\000u\000r\000c\000e\000s}{}% 23
\BOOKMARK [1][-]{section*.24}{\376\377\000A\000p\000p\000e\000n\000d\000i\000x}{}% 24
